Dec 24 10:19 : config: option 'device' on line 19 was not recognized
Dec 24 10:28 : update: added /Blind - Korn.flac
Dec 24 10:28 : update: added /02. Cold.flac
Dec 24 10:29 : update: updating /02. Cold.flac
Dec 24 10:33 : player: played "Blind - Korn.flac"
Dec 24 10:37 : player: played "02. Cold.flac"
Dec 24 13:22 : config: option 'device' on line 19 was not recognized
Dec 24 13:24 : player: played "02. Cold.flac"
Dec 24 18:19 : config: option 'device' on line 19 was not recognized
Dec 24 18:20 : player: played "Blind - Korn.flac"
Dec 24 18:27 : player: played "Blind - Korn.flac"
Dec 25 05:30 : config: option 'device' on line 19 was not recognized
Dec 25 05:34 : config: option 'device' on line 19 was not recognized
Dec 25 05:34 : update: added /Blind - Korn.flac
Dec 25 05:34 : update: added /C.R.E.A.M..flac
Dec 25 05:34 : update: added /02. Cold.flac
Dec 25 05:34 : update: added /Triumph.flac
Dec 25 05:34 : update: added /WTH - Freddie Dredd.flac
Dec 25 05:34 : update: added /Rules.flac
Dec 25 05:36 : update: updating /Blind - Korn.flac
Dec 25 05:36 : update: updating /C.R.E.A.M..flac
Dec 25 05:36 : update: updating /02. Cold.flac
Dec 25 05:36 : update: updating /Triumph.flac
Dec 25 05:36 : update: updating /WTH - Freddie Dredd.flac
Dec 25 05:36 : update: updating /Rules.flac
Dec 25 05:44 : update: added /I Got a Story to Tell .flac
Dec 25 05:45 : update: added /Put It On.flac
Dec 25 05:47 : update: added /Bring Da Ruckus.flac
Dec 25 05:49 : player: played "Triumph.flac"
Dec 25 05:50 : player: played "Rules.flac"
Dec 25 05:50 : update: updating /Put It On.flac
Dec 25 05:50 : update: updating /Blind - Korn.flac
Dec 25 05:50 : update: updating /C.R.E.A.M..flac
Dec 25 05:50 : update: updating /02. Cold.flac
Dec 25 05:50 : update: updating /Bring Da Ruckus.flac
Dec 25 05:50 : update: updating /Triumph.flac
Dec 25 05:50 : update: updating /I Got a Story to Tell .flac
Dec 25 05:50 : update: updating /WTH - Freddie Dredd.flac
Dec 25 05:50 : update: updating /Rules.flac
Dec 25 05:53 : player: played "Bring Da Ruckus.flac"
Dec 25 05:58 : player: played "Rules.flac"
Dec 25 06:03 : player: played "Bring Da Ruckus.flac"
Dec 25 06:06 : player: played "Rules.flac"
Dec 25 06:12 : player: played "Triumph.flac"
Dec 25 06:20 : player: played "Triumph.flac"
Dec 25 06:24 : player: played "C.R.E.A.M..flac"
Dec 25 06:29 : player: played "Bring Da Ruckus.flac"
Dec 25 06:32 : player: played "Rules.flac"
Dec 25 07:31 : player: played "Triumph.flac"
Dec 25 07:39 : player: played "Rules.flac"
Dec 25 07:43 : player: played "Bring Da Ruckus.flac"
Dec 25 07:47 : player: played "Rules.flac"
Dec 25 09:07 : player: played "Bring Da Ruckus.flac"
Dec 25 09:16 : player: played "Triumph.flac"
Dec 25 09:21 : player: played "C.R.E.A.M..flac"
Dec 25 09:25 : player: played "Bring Da Ruckus.flac"
Dec 25 09:29 : player: played "Rules.flac"
Dec 25 09:36 : player: played "Triumph.flac"
Dec 25 09:40 : player: played "C.R.E.A.M..flac"
Dec 25 09:44 : player: played "Bring Da Ruckus.flac"
Dec 25 09:48 : player: played "Rules.flac"
Dec 25 09:50 : player: played "Triumph.flac"
Dec 25 14:54 : config: option 'device' on line 19 was not recognized
Dec 25 15:04 : player: played "Rules.flac"
Dec 25 15:06 : player: played "Triumph.flac"
Dec 27 03:52 : config: option 'device' on line 19 was not recognized
Dec 27 03:55 : player: played "Triumph.flac"
Jan 14 05:54 : config: option 'device' on line 19 was not recognized
Jan 14 05:55 : config: option 'device' on line 19 was not recognized
Jan 14 05:55 : update: added /WTH - Freddie Dredd.flac
Jan 14 05:55 : update: added Deftones/Change (In the House of Flies) - Deftones.flac
Jan 14 05:55 : update: added Deftones/Entombed - Deftones.flac
Jan 14 05:55 : update: added Deftones/Romantic Dreams - Deftones.flac
Jan 14 05:55 : update: added Deftones/Rosemary - Deftones.flac
Jan 14 05:55 : update: added /N.Y. State of Mind.flac
Jan 14 05:55 : update: added /Feiticeira.flac
Jan 14 05:57 : update: added /There Is No God.flac
Jan 14 05:57 : update: added /Xerces - Deftones.flac
Jan 14 05:58 : update: added /Teenager.flac
Jan 14 05:58 : player: played "Feiticeira.flac"
Jan 14 05:59 : update: added /Korea .flac
Jan 14 06:14 : player: played "Deftones/Change (In the House of Flies) - Deftones.flac"
Jan 14 06:17 : player: played "Feiticeira.flac"
Jan 14 06:23 : player: played "There Is No God.flac"
Jan 14 06:26 : player: played "Teenager.flac"
Jan 14 06:31 : player: played "Korea .flac"
Jan 14 06:35 : player: played "Xerces - Deftones.flac"
Jan 14 06:40 : player: played "Deftones/Change (In the House of Flies) - Deftones.flac"
Jan 14 06:43 : player: played "Feiticeira.flac"
Jan 14 06:49 : player: played "There Is No God.flac"
Jan 14 06:52 : player: played "Teenager.flac"
Jan 14 06:57 : player: played "Korea .flac"
Jan 14 07:01 : player: played "Xerces - Deftones.flac"
Jan 14 07:06 : player: played "Deftones/Change (In the House of Flies) - Deftones.flac"
Jan 14 07:09 : player: played "Feiticeira.flac"
Jan 14 07:15 : player: played "There Is No God.flac"
Jan 14 07:18 : player: played "Teenager.flac"
Jan 14 07:23 : player: played "Korea .flac"
Jan 14 07:26 : player: played "Xerces - Deftones.flac"
Jan 14 07:31 : player: played "Deftones/Change (In the House of Flies) - Deftones.flac"
Jan 14 07:35 : player: played "Feiticeira.flac"
Jan 14 07:41 : player: played "There Is No God.flac"
Jan 14 07:44 : player: played "Teenager.flac"
Jan 14 07:49 : player: played "Korea .flac"
Jan 14 07:52 : player: played "Xerces - Deftones.flac"
Jan 14 07:57 : player: played "Deftones/Change (In the House of Flies) - Deftones.flac"
Jan 14 08:00 : player: played "Feiticeira.flac"
Jan 14 08:07 : player: played "There Is No God.flac"
Jan 14 08:10 : player: played "Teenager.flac"
Jan 14 08:14 : player: played "Korea .flac"
Jan 14 08:18 : player: played "Xerces - Deftones.flac"
Jan 14 08:23 : player: played "Deftones/Change (In the House of Flies) - Deftones.flac"
Jan 14 08:26 : player: played "Feiticeira.flac"
Jan 14 08:33 : player: played "There Is No God.flac"
Jan 14 08:36 : player: played "Teenager.flac"
Jan 14 08:40 : player: played "Korea .flac"
Jan 14 08:44 : player: played "Xerces - Deftones.flac"
Jan 14 08:49 : player: played "Deftones/Change (In the House of Flies) - Deftones.flac"
Jan 14 08:52 : player: played "Feiticeira.flac"
Jan 14 08:58 : player: played "There Is No God.flac"
Jan 14 09:02 : player: played "Teenager.flac"
Jan 14 09:06 : player: played "Korea .flac"
Jan 14 09:10 : player: played "Xerces - Deftones.flac"
Jan 14 09:15 : player: played "Deftones/Change (In the House of Flies) - Deftones.flac"
Jan 14 09:18 : player: played "Feiticeira.flac"
Jan 14 09:39 : player: played "There Is No God.flac"
Jan 14 12:11 : config: option 'device' on line 19 was not recognized
Jan 14 12:11 : player: played "There Is No God.flac"
Jan 15 00:31 : config: option 'device' on line 19 was not recognized
Jan 15 10:27 : config: option 'device' on line 19 was not recognized
Jan 16 01:33 : config: option 'device' on line 19 was not recognized
Jan 30 03:41 : config: option 'device' on line 19 was not recognized
Jan 30 03:41 : update: added /There Is No God.flac
Jan 30 03:41 : update: added /The Summoning.flac
Jan 30 03:41 : update: added /Xerces - Deftones.flac
Jan 30 03:41 : update: added /WTH - Freddie Dredd.flac
Jan 30 03:41 : update: added Deftones/Change (In the House of Flies) - Deftones.flac
Jan 30 03:41 : update: added Deftones/Entombed - Deftones.flac
Jan 30 03:41 : update: added Deftones/Romantic Dreams - Deftones.flac
Jan 30 03:41 : update: added Deftones/Rosemary - Deftones.flac
Jan 30 03:41 : update: added /N.Y. State of Mind.flac
Jan 30 03:41 : update: added /Feiticeira.flac
Jan 30 03:41 : update: added /Korea .flac
Jan 30 03:41 : update: added /Teenager.flac
Jan 30 03:46 : player: played "Deftones/Entombed - Deftones.flac"
Jan 30 03:51 : player: played "Deftones/Entombed - Deftones.flac"
Jan 30 03:59 : player: played "Deftones/Rosemary - Deftones.flac"
Jan 30 04:04 : player: played "Deftones/Entombed - Deftones.flac"
Jan 30 04:09 : player: played "N.Y. State of Mind.flac"
Jan 30 04:16 : player: played "Deftones/Rosemary - Deftones.flac"
Jan 30 04:21 : player: played "Deftones/Entombed - Deftones.flac"
Jan 30 04:26 : player: played "N.Y. State of Mind.flac"
Jan 30 04:32 : player: played "Deftones/Rosemary - Deftones.flac"
Jan 30 04:32 : pipewire_output: Decoder is too slow; playing silence to avoid xrun
Jan 30 04:37 : player: played "Deftones/Entombed - Deftones.flac"
Jan 30 04:42 : player: played "N.Y. State of Mind.flac"
Jan 30 04:49 : player: played "Deftones/Rosemary - Deftones.flac"
Jan 30 04:54 : player: played "Deftones/Entombed - Deftones.flac"
Jan 30 04:59 : player: played "N.Y. State of Mind.flac"
Jan 30 05:06 : player: played "Deftones/Rosemary - Deftones.flac"
Jan 30 05:11 : player: played "Deftones/Entombed - Deftones.flac"
Jan 30 05:16 : player: played "N.Y. State of Mind.flac"
Jan 30 05:23 : player: played "Deftones/Rosemary - Deftones.flac"
Jan 30 05:28 : player: played "Deftones/Entombed - Deftones.flac"
Jan 30 05:33 : player: played "N.Y. State of Mind.flac"
Jan 30 05:40 : player: played "Deftones/Rosemary - Deftones.flac"
Jan 30 05:45 : player: played "Deftones/Entombed - Deftones.flac"
Jan 30 05:49 : player: played "N.Y. State of Mind.flac"
Jan 30 05:56 : player: played "Deftones/Rosemary - Deftones.flac"
Jan 30 06:01 : player: played "Deftones/Entombed - Deftones.flac"
Jan 30 06:06 : player: played "N.Y. State of Mind.flac"
Jan 30 06:13 : player: played "Deftones/Rosemary - Deftones.flac"
Jan 30 06:18 : player: played "Deftones/Entombed - Deftones.flac"
Jan 30 06:19 : player: played "N.Y. State of Mind.flac"
Jan 30 07:00 : config: option 'device' on line 30 was not recognized
Jan 30 07:00 : player: played "N.Y. State of Mind.flac"
Jan 30 07:03 : player: played "Deftones/Entombed - Deftones.flac"
Jan 30 07:11 : player: played "N.Y. State of Mind.flac"
Jan 30 07:18 : player: played "Deftones/Rosemary - Deftones.flac"
Jan 30 07:23 : player: played "Deftones/Entombed - Deftones.flac"
Jan 30 07:28 : player: played "N.Y. State of Mind.flac"
Jan 30 07:35 : player: played "Deftones/Rosemary - Deftones.flac"
Jan 30 07:39 : player: played "Deftones/Entombed - Deftones.flac"
Jan 30 07:44 : player: played "N.Y. State of Mind.flac"
Jan 30 07:50 : player: played "Deftones/Rosemary - Deftones.flac"
Jan 31 01:53 : config: option 'device' on line 30 was not recognized
Jan 31 01:57 : player: played "N.Y. State of Mind.flac"
